<?xml version='1.0' encoding='UTF-8'?>
<testsuite hostname="stefano-Aspire-V3-772G" name="TemperatureControllerTest" tests="4" errors="0" failures="0" time="1.227">
                <properties>
[...]
</properties>
                <testcase classname="TemperatureControllerTest" name="testIndex" time="0.074"> 
                    </testcase><testcase classname="TemperatureControllerTest" name="testShow" time="1.059"> 
                    </testcase><testcase classname="TemperatureControllerTest" name="testDelete" time="0.05"> 
                    </testcase><testcase classname="TemperatureControllerTest" name="testUpdate" time="0.044"> 
                    </testcase>
                <system-out></system-out>
                <system-err></system-err>
                </testsuite>